* using log directory 'C:/Users/think/Desktop/CDS/CDS.Rcheck'
* using R version 3.1.0 (2014-04-10)
* using platform: x86_64-w64-mingw32 (64-bit)
* using session charset: ASCII
* checking for file 'CDS/DESCRIPTION' ... OK
* this is package 'CDS' version '0.2-1'
* checking package namespace information ... OK
* checking package dependencies ... OK
* checking if this is a source package ... OK
* checking if there is a namespace ... OK
* checking for executable files ... OK
* checking for hidden files and directories ... OK
* checking for portable file names ... OK
* checking whether package 'CDS' can be installed ... [52s] WARNING
Found the following significant warnings:
  Warning: package 'XML' was built under R version 3.1.1
  Warning: package 'XML' was built under R version 3.1.1
  Warning: package 'XML' was built under R version 3.1.1
See 'C:/Users/think/Desktop/CDS/CDS.Rcheck/00install.out' for details.
* checking installed package size ... OK
* checking package directory ... OK
* checking DESCRIPTION meta-information ... OK
* checking top-level files ... OK
* checking for left-over files ... OK
* checking index information ... OK
* checking package subdirectories ... OK
* checking R files for non-ASCII characters ... OK
* checking R files for syntax errors ... OK
* loading checks for arch 'i386'
** checking whether the package can be loaded ... OK
** checking whether the package can be loaded with stated dependencies ... OK
** checking whether the package can be unloaded cleanly ... OK
** checking whether the namespace can be loaded with stated dependencies ... OK
** checking whether the namespace can be unloaded cleanly ... OK
* loading checks for arch 'x64'
** checking whether the package can be loaded ... OK
** checking whether the package can be loaded with stated dependencies ... OK
** checking whether the package can be unloaded cleanly ... OK
** checking whether the namespace can be loaded with stated dependencies ... OK
** checking whether the namespace can be unloaded cleanly ... OK
* checking dependencies in R code ... OK
* checking S3 generic/method consistency ... OK
* checking replacement functions ... OK
* checking foreign function calls ... OK
* checking R code for possible problems ... NOTE
JPY.condition: no visible binding for global variable 'Tdate'
JPY.condition: no visible binding for global variable 'JPY.holidays'

Found the following calls to data() loading into the global environment:
File 'CDS/R/JPY.condition.R':
  data(JPY.holidays, package = "CDS")
See section 'Good practice' in '?data'.
* checking Rd files ... WARNING
checkRd: (5) bus.days.offset.Rd:17-19: Only one \description is allowed
* checking Rd metadata ... OK
* checking Rd cross-references ... OK
* checking for missing documentation entries ... WARNING
Undocumented code objects:
  'IR.DV01' 'JPY.condition' 'check.inputs' 'implied.RR' 'pd.to.spread'
  'spread.to.pd'
All user-level objects in a package should have documentation entries.
See the chapter 'Writing R documentation files' in the 'Writing R
Extensions' manual.
* checking for code/documentation mismatches ... WARNING
Functions or methods with usage in documentation object 'CS10.df' but not in code:
  CS10.df

Functions or methods with usage in documentation object 'IR.DV.01' but not in code:
  IR.DV.01

Functions or methods with usage in documentation object 'bus.days.offset' but not in code:
  bus.days.offset

Functions or methods with usage in documentation object 'default.expo' but not in code:
  default.expo

Functions or methods with usage in documentation object 'default.prob' but not in code:
  default.prob

Functions or methods with usage in documentation object 'implied.recovery.rate' but not in code:
  implied.recovery.rate

Functions or methods with usage in documentation object 'pd.spread' but not in code:
  pd.spread

Codoc mismatches from documentation object 'CS10':
CS10
  Code: function(x, TDate.var = "dates", currency.var = "currency",
                 maturity.var = "maturity", tenor.var = "tenor",
                 parSpread.var = "spread", coupon.var = "coupon",
                 recoveryRate.var = "recoveryRate", isPriceClean =
                 FALSE, payAccruedOnDefault = TRUE, notional.var =
                 "notional")
  Docs: function(object)
  Argument names in code not in docs:
    x TDate.var currency.var maturity.var tenor.var parSpread.var
    coupon.var recoveryRate.var isPriceClean payAccruedOnDefault
    notional.var
  Argument names in docs not in code:
    object
  Mismatches in argument names:
    Position: 1 Code: x Docs: object

Codoc mismatches from documentation object 'get.date':
get.date
  Code: function(date, maturity = NULL, tenor = NULL, currency = "USD")
  Docs: function(date, maturity = NULL, tenor = NULL)
  Argument names in code not in docs:
    currency

Codoc mismatches from documentation object 'spread.DV01':
spread.DV01
  Code: function(x, TDate.var = "dates", currency.var = "currency",
                 maturity.var = "maturity", tenor.var = "tenor",
                 parSpread.var = "spread", coupon.var = "coupon",
                 recoveryRate.var = "recoveryRate", isPriceClean =
                 FALSE, payAccruedOnDefault = TRUE, notional.var =
                 "notional")
  Docs: function(object = NULL, TDate, baseDate = TDate, currency =
                 "USD", types = NULL, rates = NULL, expiries = NULL,
                 mmDCC = "ACT/360", fixedSwapFreq = "6M", floatSwapFreq
                 = "3M", fixedSwapDCC = "30/360", floatSwapDCC =
                 "ACT/360", badDayConvZC = "M", holidays = "None",
                 valueDate = NULL, benchmarkDate = NULL, startDate =
                 NULL, endDate = NULL, stepinDate = NULL, maturity =
                 NULL, tenor = NULL, dccCDS = "ACT/360", freqCDS =
                 "1Q", stubCDS = "F", badDayConvCDS = "F", calendar =
                 "None", parSpread, coupon = 100, recoveryRate = 0.4,
                 isPriceClean = FALSE, payAccruedOnDefault = TRUE,
                 notional = 1e+07)
  Argument names in code not in docs:
    x TDate.var currency.var maturity.var tenor.var parSpread.var
    coupon.var recoveryRate.var notional.var
  Argument names in docs not in code:
    object TDate baseDate currency types rates expiries mmDCC
    fixedSwapFreq floatSwapFreq fixedSwapDCC floatSwapDCC badDayConvZC
    holidays valueDate benchmarkDate startDate endDate stepinDate
    maturity tenor dccCDS freqCDS stubCDS badDayConvCDS calendar
    parSpread coupon recoveryRate notional
  Mismatches in argument names (first 3):
    Position: 1 Code: x Docs: object
    Position: 2 Code: TDate.var Docs: TDate
    Position: 3 Code: currency.var Docs: baseDate

* checking Rd \usage sections ... OK
* checking Rd contents ... OK
* checking for unstated dependencies in examples ... OK
* checking contents of 'data' directory ... OK
* checking data for non-ASCII characters ... OK
* checking data for ASCII and uncompressed saves ... WARNING
  
  Note: significantly better compression could be obtained
        by using R CMD build --resave-data
              old_size new_size compress
  rates.RData    1.1Mb    434Kb       xz
* checking line endings in C/C++/Fortran sources/headers ... OK
* checking line endings in Makefiles ... WARNING
Found the following Makefiles with CR or CRLF line endings:
  src/Makevars
Some Unix 'make' programs require LF line endings.
* checking compilation flags in Makevars ... OK
* checking for portable use of $(BLAS_LIBS) and $(LAPACK_LIBS) ... OK
* checking compiled code ... OK
* checking files in 'vignettes' ... OK
* checking examples ...
** running examples for arch 'i386' ... [15s] OK
Examples with CPU or elapsed time > 5s
                  user system elapsed
update-CDS-method 0.56   0.05    6.56
** running examples for arch 'x64' ... [19s] OK
Examples with CPU or elapsed time > 5s
                  user system elapsed
update-CDS-method 0.49   0.02    8.76
* checking for unstated dependencies in tests ... OK
* checking tests ...
** running tests for arch 'i386' ... ERROR
Running the tests in 'tests/test-all.R' failed.
Last 13 lines of output:
  1: upfront(data.frame(date = as.Date("2014-04-22"), currency = "USD", tenor = 5, spread = 105.8, 
         coupon = 100, recovery = 0.4), rates = rates.1, isPriceClean = FALSE) at test.upfront.R:22
  2: get.date(date = as.Date(TDate), maturity = NULL, tenor = tenor)
  
  4. Error: 2nd set of test for upfront ------------------------------------------
  non-numeric argument to binary operator
  1: upfront(x = x.1, rates = rates, tenor.var = "tenor") at test.upfront_2.R:36
  2: get.date(date = as.Date(TDate), maturity = NULL, tenor = tenor)
  
  Error: Test failures
  In addition: Warning message:
  In initialize(value, ...) : NAs introduced by coercion
  Execution halted
** running tests for arch 'x64' ... ERROR
Running the tests in 'tests/test-all.R' failed.
Last 13 lines of output:
  1: upfront(data.frame(date = as.Date("2014-04-22"), currency = "USD", tenor = 5, spread = 105.8, 
         coupon = 100, recovery = 0.4), rates = rates.1, isPriceClean = FALSE) at test.upfront.R:22
  2: get.date(date = as.Date(TDate), maturity = NULL, tenor = tenor)
  
  4. Error: 2nd set of test for upfront ------------------------------------------
  non-numeric argument to binary operator
  1: upfront(x = x.1, rates = rates, tenor.var = "tenor") at test.upfront_2.R:36
  2: get.date(date = as.Date(TDate), maturity = NULL, tenor = tenor)
  
  Error: Test failures
  In addition: Warning message:
  In initialize(value, ...) : NAs introduced by coercion
  Execution halted
